<?xml version="1.0" encoding="UTF-8"?>
<testsuite xmlns:xsi="http://www.w3.org/2001/XMLSchema-instance" xsi:noNamespaceSchemaLocation="https://maven.apache.org/surefire/maven-surefire-plugin/xsd/surefire-test-report.xsd" name="com.liu.test.MessageTest" time="2.755" tests="1" errors="0" skipped="0" failures="0">
  <properties>
    <property name="sun.desktop" value="windows"/>
    <property name="awt.toolkit" value="sun.awt.windows.WToolkit"/>
    <property name="file.encoding.pkg" value="sun.io"/>
    <property name="java.specification.version" value="1.8"/>
    <property name="sun.cpu.isalist" value="amd64"/>
    <property name="sun.jnu.encoding" value="GBK"/>
    <property name="java.class.path" value="C:\Users\86183\IdeaProjects\Spring\spring_case\target\test-classes;C:\Users\86183\IdeaProjects\Spring\spring_case\target\classes;D:\maven\apache-maven-3.6.0-bin\apache-maven-3.6.0\mvn_repository\mysql\mysql-connector-java\5.1.32\mysql-connector-java-5.1.32.jar;D:\maven\apache-maven-3.6.0-bin\apache-maven-3.6.0\mvn_repository\c3p0\c3p0\0.9.1.2\c3p0-0.9.1.2.jar;D:\maven\apache-maven-3.6.0-bin\apache-maven-3.6.0\mvn_repository\com\alibaba\druid\1.1.10\druid-1.1.10.jar;D:\maven\apache-maven-3.6.0-bin\apache-maven-3.6.0\mvn_repository\junit\junit\4.12\junit-4.12.jar;D:\maven\apache-maven-3.6.0-bin\apache-maven-3.6.0\mvn_repository\org\hamcrest\hamcrest-core\1.3\hamcrest-core-1.3.jar;D:\maven\apache-maven-3.6.0-bin\apache-maven-3.6.0\mvn_repository\org\springframework\spring-context\5.0.5.RELEASE\spring-context-5.0.5.RELEASE.jar;D:\maven\apache-maven-3.6.0-bin\apache-maven-3.6.0\mvn_repository\org\springframework\spring-aop\5.0.5.RELEASE\spring-aop-5.0.5.RELEASE.jar;D:\maven\apache-maven-3.6.0-bin\apache-maven-3.6.0\mvn_repository\org\springframework\spring-beans\5.0.5.RELEASE\spring-beans-5.0.5.RELEASE.jar;D:\maven\apache-maven-3.6.0-bin\apache-maven-3.6.0\mvn_repository\org\springframework\spring-core\5.0.5.RELEASE\spring-core-5.0.5.RELEASE.jar;D:\maven\apache-maven-3.6.0-bin\apache-maven-3.6.0\mvn_repository\org\springframework\spring-jcl\5.0.5.RELEASE\spring-jcl-5.0.5.RELEASE.jar;D:\maven\apache-maven-3.6.0-bin\apache-maven-3.6.0\mvn_repository\org\springframework\spring-expression\5.0.5.RELEASE\spring-expression-5.0.5.RELEASE.jar;D:\maven\apache-maven-3.6.0-bin\apache-maven-3.6.0\mvn_repository\org\springframework\spring-test\5.0.5.RELEASE\spring-test-5.0.5.RELEASE.jar;D:\maven\apache-maven-3.6.0-bin\apache-maven-3.6.0\mvn_repository\org\springframework\spring-web\5.0.5.RELEASE\spring-web-5.0.5.RELEASE.jar;D:\maven\apache-maven-3.6.0-bin\apache-maven-3.6.0\mvn_repository\org\springframework\spring-webmvc\5.0.5.RELEASE\spring-webmvc-5.0.5.RELEASE.jar;D:\maven\apache-maven-3.6.0-bin\apache-maven-3.6.0\mvn_repository\javax\servlet\javax.servlet-api\3.0.1\javax.servlet-api-3.0.1.jar;D:\maven\apache-maven-3.6.0-bin\apache-maven-3.6.0\mvn_repository\javax\servlet\jsp\javax.servlet.jsp-api\2.2.1\javax.servlet.jsp-api-2.2.1.jar;D:\maven\apache-maven-3.6.0-bin\apache-maven-3.6.0\mvn_repository\com\fasterxml\jackson\core\jackson-core\2.9.0\jackson-core-2.9.0.jar;D:\maven\apache-maven-3.6.0-bin\apache-maven-3.6.0\mvn_repository\com\fasterxml\jackson\core\jackson-databind\2.9.0\jackson-databind-2.9.0.jar;D:\maven\apache-maven-3.6.0-bin\apache-maven-3.6.0\mvn_repository\com\fasterxml\jackson\core\jackson-annotations\2.9.0\jackson-annotations-2.9.0.jar;D:\maven\apache-maven-3.6.0-bin\apache-maven-3.6.0\mvn_repository\commons-fileupload\commons-fileupload\1.3.1\commons-fileupload-1.3.1.jar;D:\maven\apache-maven-3.6.0-bin\apache-maven-3.6.0\mvn_repository\commons-io\commons-io\2.3\commons-io-2.3.jar;D:\maven\apache-maven-3.6.0-bin\apache-maven-3.6.0\mvn_repository\commons-logging\commons-logging\1.2\commons-logging-1.2.jar;D:\maven\apache-maven-3.6.0-bin\apache-maven-3.6.0\mvn_repository\org\slf4j\slf4j-log4j12\1.7.7\slf4j-log4j12-1.7.7.jar;D:\maven\apache-maven-3.6.0-bin\apache-maven-3.6.0\mvn_repository\org\slf4j\slf4j-api\1.7.7\slf4j-api-1.7.7.jar;D:\maven\apache-maven-3.6.0-bin\apache-maven-3.6.0\mvn_repository\log4j\log4j\1.2.17\log4j-1.2.17.jar;D:\maven\apache-maven-3.6.0-bin\apache-maven-3.6.0\mvn_repository\org\springframework\spring-jdbc\5.0.5.RELEASE\spring-jdbc-5.0.5.RELEASE.jar;D:\maven\apache-maven-3.6.0-bin\apache-maven-3.6.0\mvn_repository\org\springframework\spring-tx\5.0.5.RELEASE\spring-tx-5.0.5.RELEASE.jar;D:\maven\apache-maven-3.6.0-bin\apache-maven-3.6.0\mvn_repository\jstl\jstl\1.2\jstl-1.2.jar;D:\maven\apache-maven-3.6.0-bin\apache-maven-3.6.0\mvn_repository\com\alibaba\fastjson\1.2.15\fastjson-1.2.15.jar;D:\maven\apache-maven-3.6.0-bin\apache-maven-3.6.0\mvn_repository\org\apache\httpcomponents\httpclient\4.2.1\httpclient-4.2.1.jar;D:\maven\apache-maven-3.6.0-bin\apache-maven-3.6.0\mvn_repository\commons-codec\commons-codec\1.6\commons-codec-1.6.jar;D:\maven\apache-maven-3.6.0-bin\apache-maven-3.6.0\mvn_repository\org\apache\httpcomponents\httpcore\4.2.1\httpcore-4.2.1.jar;D:\maven\apache-maven-3.6.0-bin\apache-maven-3.6.0\mvn_repository\commons-lang\commons-lang\2.6\commons-lang-2.6.jar;D:\maven\apache-maven-3.6.0-bin\apache-maven-3.6.0\mvn_repository\org\eclipse\jetty\jetty-util\9.3.7.v20160115\jetty-util-9.3.7.v20160115.jar;"/>
    <property name="java.vm.vendor" value="Oracle Corporation"/>
    <property name="sun.arch.data.model" value="64"/>
    <property name="user.variant" value=""/>
    <property name="java.vendor.url" value="http://java.oracle.com/"/>
    <property name="user.timezone" value="Asia/Shanghai"/>
    <property name="java.vm.specification.version" value="1.8"/>
    <property name="os.name" value="Windows 10"/>
    <property name="user.country" value="CN"/>
    <property name="sun.java.launcher" value="SUN_STANDARD"/>
    <property name="sun.boot.library.path" value="C:\Program Files\Java\jdk1.8.0_201\jre\bin"/>
    <property name="sun.java.command" value="C:\Users\86183\AppData\Local\Temp\surefire7620421411657790834\surefirebooter8264490190873483300.jar C:\Users\86183\AppData\Local\Temp\surefire7620421411657790834 2022-04-14T11-44-07_672-jvmRun1 surefire688408169048180133tmp surefire_02982189433042019468tmp"/>
    <property name="surefire.test.class.path" value="C:\Users\86183\IdeaProjects\Spring\spring_case\target\test-classes;C:\Users\86183\IdeaProjects\Spring\spring_case\target\classes;D:\maven\apache-maven-3.6.0-bin\apache-maven-3.6.0\mvn_repository\mysql\mysql-connector-java\5.1.32\mysql-connector-java-5.1.32.jar;D:\maven\apache-maven-3.6.0-bin\apache-maven-3.6.0\mvn_repository\c3p0\c3p0\0.9.1.2\c3p0-0.9.1.2.jar;D:\maven\apache-maven-3.6.0-bin\apache-maven-3.6.0\mvn_repository\com\alibaba\druid\1.1.10\druid-1.1.10.jar;D:\maven\apache-maven-3.6.0-bin\apache-maven-3.6.0\mvn_repository\junit\junit\4.12\junit-4.12.jar;D:\maven\apache-maven-3.6.0-bin\apache-maven-3.6.0\mvn_repository\org\hamcrest\hamcrest-core\1.3\hamcrest-core-1.3.jar;D:\maven\apache-maven-3.6.0-bin\apache-maven-3.6.0\mvn_repository\org\springframework\spring-context\5.0.5.RELEASE\spring-context-5.0.5.RELEASE.jar;D:\maven\apache-maven-3.6.0-bin\apache-maven-3.6.0\mvn_repository\org\springframework\spring-aop\5.0.5.RELEASE\spring-aop-5.0.5.RELEASE.jar;D:\maven\apache-maven-3.6.0-bin\apache-maven-3.6.0\mvn_repository\org\springframework\spring-beans\5.0.5.RELEASE\spring-beans-5.0.5.RELEASE.jar;D:\maven\apache-maven-3.6.0-bin\apache-maven-3.6.0\mvn_repository\org\springframework\spring-core\5.0.5.RELEASE\spring-core-5.0.5.RELEASE.jar;D:\maven\apache-maven-3.6.0-bin\apache-maven-3.6.0\mvn_repository\org\springframework\spring-jcl\5.0.5.RELEASE\spring-jcl-5.0.5.RELEASE.jar;D:\maven\apache-maven-3.6.0-bin\apache-maven-3.6.0\mvn_repository\org\springframework\spring-expression\5.0.5.RELEASE\spring-expression-5.0.5.RELEASE.jar;D:\maven\apache-maven-3.6.0-bin\apache-maven-3.6.0\mvn_repository\org\springframework\spring-test\5.0.5.RELEASE\spring-test-5.0.5.RELEASE.jar;D:\maven\apache-maven-3.6.0-bin\apache-maven-3.6.0\mvn_repository\org\springframework\spring-web\5.0.5.RELEASE\spring-web-5.0.5.RELEASE.jar;D:\maven\apache-maven-3.6.0-bin\apache-maven-3.6.0\mvn_repository\org\springframework\spring-webmvc\5.0.5.RELEASE\spring-webmvc-5.0.5.RELEASE.jar;D:\maven\apache-maven-3.6.0-bin\apache-maven-3.6.0\mvn_repository\javax\servlet\javax.servlet-api\3.0.1\javax.servlet-api-3.0.1.jar;D:\maven\apache-maven-3.6.0-bin\apache-maven-3.6.0\mvn_repository\javax\servlet\jsp\javax.servlet.jsp-api\2.2.1\javax.servlet.jsp-api-2.2.1.jar;D:\maven\apache-maven-3.6.0-bin\apache-maven-3.6.0\mvn_repository\com\fasterxml\jackson\core\jackson-core\2.9.0\jackson-core-2.9.0.jar;D:\maven\apache-maven-3.6.0-bin\apache-maven-3.6.0\mvn_repository\com\fasterxml\jackson\core\jackson-databind\2.9.0\jackson-databind-2.9.0.jar;D:\maven\apache-maven-3.6.0-bin\apache-maven-3.6.0\mvn_repository\com\fasterxml\jackson\core\jackson-annotations\2.9.0\jackson-annotations-2.9.0.jar;D:\maven\apache-maven-3.6.0-bin\apache-maven-3.6.0\mvn_repository\commons-fileupload\commons-fileupload\1.3.1\commons-fileupload-1.3.1.jar;D:\maven\apache-maven-3.6.0-bin\apache-maven-3.6.0\mvn_repository\commons-io\commons-io\2.3\commons-io-2.3.jar;D:\maven\apache-maven-3.6.0-bin\apache-maven-3.6.0\mvn_repository\commons-logging\commons-logging\1.2\commons-logging-1.2.jar;D:\maven\apache-maven-3.6.0-bin\apache-maven-3.6.0\mvn_repository\org\slf4j\slf4j-log4j12\1.7.7\slf4j-log4j12-1.7.7.jar;D:\maven\apache-maven-3.6.0-bin\apache-maven-3.6.0\mvn_repository\org\slf4j\slf4j-api\1.7.7\slf4j-api-1.7.7.jar;D:\maven\apache-maven-3.6.0-bin\apache-maven-3.6.0\mvn_repository\log4j\log4j\1.2.17\log4j-1.2.17.jar;D:\maven\apache-maven-3.6.0-bin\apache-maven-3.6.0\mvn_repository\org\springframework\spring-jdbc\5.0.5.RELEASE\spring-jdbc-5.0.5.RELEASE.jar;D:\maven\apache-maven-3.6.0-bin\apache-maven-3.6.0\mvn_repository\org\springframework\spring-tx\5.0.5.RELEASE\spring-tx-5.0.5.RELEASE.jar;D:\maven\apache-maven-3.6.0-bin\apache-maven-3.6.0\mvn_repository\jstl\jstl\1.2\jstl-1.2.jar;D:\maven\apache-maven-3.6.0-bin\apache-maven-3.6.0\mvn_repository\com\alibaba\fastjson\1.2.15\fastjson-1.2.15.jar;D:\maven\apache-maven-3.6.0-bin\apache-maven-3.6.0\mvn_repository\org\apache\httpcomponents\httpclient\4.2.1\httpclient-4.2.1.jar;D:\maven\apache-maven-3.6.0-bin\apache-maven-3.6.0\mvn_repository\commons-codec\commons-codec\1.6\commons-codec-1.6.jar;D:\maven\apache-maven-3.6.0-bin\apache-maven-3.6.0\mvn_repository\org\apache\httpcomponents\httpcore\4.2.1\httpcore-4.2.1.jar;D:\maven\apache-maven-3.6.0-bin\apache-maven-3.6.0\mvn_repository\commons-lang\commons-lang\2.6\commons-lang-2.6.jar;D:\maven\apache-maven-3.6.0-bin\apache-maven-3.6.0\mvn_repository\org\eclipse\jetty\jetty-util\9.3.7.v20160115\jetty-util-9.3.7.v20160115.jar;"/>
    <property name="sun.cpu.endian" value="little"/>
    <property name="user.home" value="C:\Users\86183"/>
    <property name="user.language" value="zh"/>
    <property name="java.specification.vendor" value="Oracle Corporation"/>
    <property name="java.home" value="C:\Program Files\Java\jdk1.8.0_201\jre"/>
    <property name="basedir" value="C:\Users\86183\IdeaProjects\Spring\spring_case"/>
    <property name="file.separator" value="\"/>
    <property name="line.separator" value="&#10;"/>
    <property name="idea.version2019.2.4" value="true"/>
    <property name="java.vm.specification.vendor" value="Oracle Corporation"/>
    <property name="java.specification.name" value="Java Platform API Specification"/>
    <property name="java.awt.graphicsenv" value="sun.awt.Win32GraphicsEnvironment"/>
    <property name="surefire.real.class.path" value="C:\Users\86183\AppData\Local\Temp\surefire7620421411657790834\surefirebooter8264490190873483300.jar"/>
    <property name="sun.boot.class.path" value="C:\Program Files\Java\jdk1.8.0_201\jre\lib\resources.jar;C:\Program Files\Java\jdk1.8.0_201\jre\lib\rt.jar;C:\Program Files\Java\jdk1.8.0_201\jre\lib\sunrsasign.jar;C:\Program Files\Java\jdk1.8.0_201\jre\lib\jsse.jar;C:\Program Files\Java\jdk1.8.0_201\jre\lib\jce.jar;C:\Program Files\Java\jdk1.8.0_201\jre\lib\charsets.jar;C:\Program Files\Java\jdk1.8.0_201\jre\lib\jfr.jar;C:\Program Files\Java\jdk1.8.0_201\jre\classes"/>
    <property name="user.script" value=""/>
    <property name="sun.management.compiler" value="HotSpot 64-Bit Tiered Compilers"/>
    <property name="java.runtime.version" value="1.8.0_201-b09"/>
    <property name="user.name" value="86183"/>
    <property name="path.separator" value=";"/>
    <property name="os.version" value="10.0"/>
    <property name="java.endorsed.dirs" value="C:\Program Files\Java\jdk1.8.0_201\jre\lib\endorsed"/>
    <property name="java.runtime.name" value="Java(TM) SE Runtime Environment"/>
    <property name="file.encoding" value="GBK"/>
    <property name="java.vm.name" value="Java HotSpot(TM) 64-Bit Server VM"/>
    <property name="localRepository" value="D:\maven\apache-maven-3.6.0-bin\apache-maven-3.6.0\mvn_repository"/>
    <property name="java.vendor.url.bug" value="http://bugreport.sun.com/bugreport/"/>
    <property name="java.io.tmpdir" value="C:\Users\86183\AppData\Local\Temp\"/>
    <property name="java.version" value="1.8.0_201"/>
    <property name="user.dir" value="C:\Users\86183\IdeaProjects\Spring\spring_case"/>
    <property name="os.arch" value="amd64"/>
    <property name="java.vm.specification.name" value="Java Virtual Machine Specification"/>
    <property name="java.awt.printerjob" value="sun.awt.windows.WPrinterJob"/>
    <property name="sun.os.patch.level" value=""/>
    <property name="java.library.path" value="C:\Program Files\Java\jdk1.8.0_201\jre\bin;C:\WINDOWS\Sun\Java\bin;C:\WINDOWS\system32;C:\WINDOWS;C:\Program Files\adb;C:\Program Files\Java\jdk1.8.0_201\bin;C:\Program Files\Java\jdk1.8.0_201\jre\bin;C:\Program Files (x86)\VMware\VMware Workstation\bin\;C:\Program Files (x86)\Common Files\Oracle\Java\javapath;C:\Windows\system32;C:\Windows;C:\Windows\System32\Wbem;C:\Windows\System32\WindowsPowerShell\v1.0\;C:\Windows\System32\OpenSSH\;C:\Program Files\NVIDIA Corporation\NVIDIA NvDLISR;C:\Program Files (x86)\NVIDIA Corporation\PhysX\Common;C:\WINDOWS\system32;C:\WINDOWS;C:\WINDOWS\System32\Wbem;C:\WINDOWS\System32\WindowsPowerShell\v1.0\;C:\WINDOWS\System32\OpenSSH\;D:\matlab\matlab2020\runtime\win64;D:\matlab\matlab2020\bin;D:\matlab\matlab2020\polyspace\bin;E:\MySQL\bin;%MAVEN_HOME%\bin;D:\xftp6\xshell\;E:\MinGW-W64 GCC\mingw64\bin;D:\xftp6\xftp\;C:\Users\86183\AppData\Local\Microsoft\WindowsApps;;C:\Users\86183\AppData\Local\Programs\Microsoft VS Code\bin;C:\Program Files\Bandizip\;."/>
    <property name="java.vm.info" value="mixed mode"/>
    <property name="java.vendor" value="Oracle Corporation"/>
    <property name="java.vm.version" value="25.201-b09"/>
    <property name="java.ext.dirs" value="C:\Program Files\Java\jdk1.8.0_201\jre\lib\ext;C:\WINDOWS\Sun\Java\lib\ext"/>
    <property name="sun.io.unicode.encoding" value="UnicodeLittle"/>
    <property name="maven.repo.local" value="D:\maven\apache-maven-3.6.0-bin\apache-maven-3.6.0\mvn_repository"/>
    <property name="java.class.version" value="52.0"/>
  </properties>
  <testcase name="test" classname="com.liu.test.MessageTest" time="2.707"/>
</testsuite>